{
  "RSpec": {
    "coverage": {
    },
    "timestamp": 1430948123
  },
  "Cucumber Features": {
    "coverage": {
      "/home/luis/batalla_naval/app/models/board.rb": [
        1,
        null,
        1,
        9,
        9,
        9,
        null,
        null,
        1,
        15,
        null,
        null,
        1,
        15,
        null,
        null,
        1,
        37,
        null,
        null,
        1,
        8,
        null,
        null,
        1,
        10,
        10,
        9,
        8,
        null,
        null,
        1,
        8,
        8,
        0,
        null,
        8,
        null,
        null,
        null,
        1,
        26,
        null,
        null,
        1,
        5,
        5,
        4,
        null,
        1,
        null,
        4,
        null,
        null,
        1,
        4,
        4,
        3,
        null,
        4,
        null,
        null,
        1,
        3,
        3,
        3,
        3,
        1,
        1,
        null,
        3,
        null,
        null,
        1,
        6,
        3,
        null,
        null,
        1,
        2,
        null,
        null,
        null
      ],
      "/home/luis/batalla_naval/app/models/point.rb": [
        1,
        null,
        1,
        33,
        33,
        null,
        null,
        1,
        128,
        null,
        null,
        1,
        134,
        null,
        null,
        1,
        12,
        null,
        null,
        1,
        0,
        null,
        null,
        1,
        34,
        null,
        null,
        1,
        12,
        12,
        12,
        0,
        0,
        0,
        0,
        0,
        0,
        null,
        12,
        null,
        null,
        1,
        24,
        null,
        null,
        null
      ],
      "/home/luis/batalla_naval/app/models/ship.rb": [
        1,
        null,
        1,
        10,
        10,
        10,
        10,
        null,
        null,
        1,
        0,
        null,
        null,
        1,
        3,
        null,
        null,
        1,
        4,
        null,
        null,
        1,
        0,
        null,
        null,
        1,
        43,
        null,
        null,
        1,
        10,
        null,
        null,
        1,
        20,
        20,
        4,
        16,
        14,
        2,
        2,
        null,
        20,
        null,
        null,
        1,
        10,
        10,
        10,
        9,
        9,
        null,
        10,
        null,
        null,
        1,
        47,
        null,
        null,
        1,
        8,
        3,
        3,
        null,
        null,
        1,
        3,
        1,
        null,
        null,
        null,
        1,
        29,
        1,
        null,
        null,
        null,
        1,
        28,
        1,
        null,
        null,
        null,
        null
      ]
    },
    "timestamp": 1430948125
  }
}
